#
# There is insufficient memory for the Java Runtime Environment to continue.
# Native memory allocation (malloc) failed to allocate 1048576 bytes for AllocateHeap
# Possible reasons:
#   The system is out of physical RAM or swap space
#   The process is running with CompressedOops enabled, and the Java Heap may be blocking the growth of the native heap
# Possible solutions:
#   Reduce memory load on the system
#   Increase physical memory or swap space
#   Check if swap backing store is full
#   Decrease Java heap size (-Xmx/-Xms)
#   Decrease number of Java threads
#   Decrease Java thread stack sizes (-Xss)
#   Set larger code cache with -XX:ReservedCodeCacheSize=
#   JVM is running with Unscaled Compressed Oops mode in which the Java heap is
#     placed in the first 4GB address space. The Java Heap base address is the
#     maximum limit for the native heap growth. Please use -XX:HeapBaseMinAddress
#     to set the Java Heap base and to place the Java Heap above 4GB virtual address.
# This output file may be truncated or incomplete.
#
#  Out of Memory Error (memory/allocation.inline.hpp:61), pid=7808, tid=0x00000000000038b0
#
# JRE version:  (8.0_211-b12) (build )
# Java VM: Java HotSpot(TM) 64-Bit Server VM (25.211-b12 mixed mode windows-amd64 compressed oops)
# Failed to write core dump. Minidumps are not enabled by default on client versions of Windows
#

---------------  T H R E A D  ---------------

Current thread (0x000000000224e800):  JavaThread "Unknown thread" [_thread_in_vm, id=14512, stack(0x0000000002250000,0x0000000002350000)]

Stack: [0x0000000002250000,0x0000000002350000]
[error occurred during error reporting (printing stack bounds), id 0xc0000005]

Native frames: (J=compiled Java code, j=interpreted, Vv=VM code, C=native code)


---------------  P R O C E S S  ---------------

Java Threads: ( => current thread )

Other Threads:

=>0x000000000224e800 (exited) JavaThread "Unknown thread" [_thread_in_vm, id=14512, stack(0x0000000002250000,0x0000000002350000)]

VM state:not at safepoint (normal execution)

VM Mutex/Monitor currently owned by a thread: None

heap address: 0x0000000082200000, size: 2014 MB, Compressed Oops mode: 32-bit
Narrow klass base: 0x0000000000000000, Narrow klass shift: 3
Compressed class space size: 1073741824 Address: 0x0000000100000000

Heap:
 PSYoungGen      total 37888K, used 655K [0x00000000d6100000, 0x00000000d8b00000, 0x0000000100000000)
  eden space 32768K, 2% used [0x00000000d6100000,0x00000000d61a3d80,0x00000000d8100000)
  from space 5120K, 0% used [0x00000000d8600000,0x00000000d8600000,0x00000000d8b00000)
  to   space 5120K, 0% used [0x00000000d8100000,0x00000000d8100000,0x00000000d8600000)
 ParOldGen       total 86016K, used 0K [0x0000000082200000, 0x0000000087600000, 0x00000000d6100000)
  object space 86016K, 0% used [0x0000000082200000,0x0000000082200000,0x0000000087600000)
 Metaspace       used 775K, capacity 4480K, committed 4480K, reserved 1056768K
  class space    used 76K, capacity 384K, committed 384K, reserved 1048576K

Card table byte_map: [0x0000000011810000,0x0000000011c00000] byte_map_base: 0x00000000113ff000

Marking Bits: (ParMarkBitMap*) 0x0000000063875ce0
 Begin Bits: [0x00000000126a0000, 0x0000000014618000)
 End Bits:   [0x0000000014618000, 0x0000000016590000)

Polling page: 0x0000000000af0000

CodeCache: size=245760Kb used=328Kb max_used=328Kb free=245431Kb
 bounds [0x0000000002450000, 0x00000000026c0000, 0x0000000011450000]
 total_blobs=58 nmethods=0 adapters=38
 compilation: enabled

Compilation events (0 events):
No events

GC Heap History (0 events):
No events

Deoptimization events (0 events):
No events

Classes redefined (0 events):
No events

Internal exceptions (0 events):
No events

Events (10 events):
Event: 0.021 loading class java/lang/Short
Event: 0.021 loading class java/lang/Short done
Event: 0.021 loading class java/lang/Integer
Event: 0.021 loading class java/lang/Integer done
Event: 0.021 loading class java/lang/Long
Event: 0.021 loading class java/lang/Long done
Event: 0.021 loading class java/lang/NullPointerException
Event: 0.021 loading class java/lang/NullPointerException done
Event: 0.021 loading class java/lang/ArithmeticException
Event: 0.021 loading class java/lang/ArithmeticException done


Dynamic libraries:
0x00007ff671900000 - 0x00007ff671937000 	C:\Program Files\Java\jdk1.8.0_211\jre\bin\java.exe
0x00007ffedba60000 - 0x00007ffedbc41000 	C:\Windows\SYSTEM32\ntdll.dll
0x00007ffedae30000 - 0x00007ffedaee1000 	C:\Windows\System32\KERNEL32.DLL
0x00007ffed8010000 - 0x00007ffed8283000 	C:\Windows\System32\KERNELBASE.dll
0x00007ffed9380000 - 0x00007ffed9421000 	C:\Windows\System32\ADVAPI32.dll
0x00007ffed8ee0000 - 0x00007ffed8f7e000 	C:\Windows\System32\msvcrt.dll
0x00007ffed9090000 - 0x00007ffed90eb000 	C:\Windows\System32\sechost.dll
0x00007ffedad00000 - 0x00007ffedae24000 	C:\Windows\System32\RPCRT4.dll
0x00007ffedaef0000 - 0x00007ffedb080000 	C:\Windows\System32\USER32.dll
0x00007ffed8e70000 - 0x00007ffed8e90000 	C:\Windows\System32\win32u.dll
0x00007ffed9600000 - 0x00007ffed9628000 	C:\Windows\System32\GDI32.dll
0x00007ffed8b70000 - 0x00007ffed8d01000 	C:\Windows\System32\gdi32full.dll
0x00007ffed83c0000 - 0x00007ffed845f000 	C:\Windows\System32\msvcp_win.dll
0x00007ffed8d10000 - 0x00007ffed8e08000 	C:\Windows\System32\ucrtbase.dll
0x00007ffec5730000 - 0x00007ffec5999000 	C:\Windows\WinSxS\amd64_microsoft.windows.common-controls_6595b64144ccf1df_6.0.17134.1006_none_d3fbb8f77c940c3f\COMCTL32.dll
0x00007ffedb210000 - 0x00007ffedb531000 	C:\Windows\System32\combase.dll
0x00007ffed8340000 - 0x00007ffed83b9000 	C:\Windows\System32\bcryptPrimitives.dll
0x00007ffedb5a0000 - 0x00007ffedb5cd000 	C:\Windows\System32\IMM32.DLL
0x0000000062f70000 - 0x0000000063042000 	C:\Program Files\Java\jdk1.8.0_211\jre\bin\msvcr100.dll
0x0000000063050000 - 0x00000000638f5000 	C:\Program Files\Java\jdk1.8.0_211\jre\bin\server\jvm.dll
0x00007ffedb200000 - 0x00007ffedb208000 	C:\Windows\System32\PSAPI.DLL
0x00007ffebe5e0000 - 0x00007ffebe5e9000 	C:\Windows\SYSTEM32\WSOCK32.dll
0x00007ffed1c20000 - 0x00007ffed1c43000 	C:\Windows\SYSTEM32\WINMM.dll
0x00007ffecb7b0000 - 0x00007ffecb7ba000 	C:\Windows\SYSTEM32\VERSION.dll
0x00007ffed9430000 - 0x00007ffed949c000 	C:\Windows\System32\WS2_32.dll
0x00007ffed17c0000 - 0x00007ffed17ea000 	C:\Windows\SYSTEM32\WINMMBASE.dll
0x00007ffed8e90000 - 0x00007ffed8ed9000 	C:\Windows\System32\cfgmgr32.dll
0x00007ffec6080000 - 0x00007ffec608f000 	C:\Program Files\Java\jdk1.8.0_211\jre\bin\verify.dll
0x00007ffec4c40000 - 0x00007ffec4c69000 	C:\Program Files\Java\jdk1.8.0_211\jre\bin\java.dll
0x00007ffec5600000 - 0x00007ffec5616000 	C:\Program Files\Java\jdk1.8.0_211\jre\bin\zip.dll

VM Arguments:
jvm_args: -Dfile.encoding=UTF-8 
java_command: myhome.MyHome
java_class_path (initial): C:\Users\josse\OneDrive\Documents\CCUSA\Proyecto-DS\MyHome\build\classes
Launcher Type: SUN_STANDARD

Environment Variables:
PATH=C:\Program Files (x86)\Common Files\Oracle\Java\javapath;C:\Program Files (x86)\Intel\Intel(R) Management Engine Components\iCLS\;C:\Program Files\Intel\Intel(R) Management Engine Components\iCLS\;C:\Windows\system32;C:\Windows;C:\Windows\System32\Wbem;C:\Windows\System32\WindowsPowerShell\v1.0\;C:\Windows\System32\OpenSSH\;C:\Program Files (x86)\Intel\Intel(R) Management Engine Components\DAL;C:\Program Files\Intel\Intel(R) Management Engine Components\DAL;C:\Program Files\Intel\WiFi\bin\;C:\Program Files\Common Files\Intel\WirelessCommon\;C:\Program Files\Git\cmd;C:\Users\josse\AppData\Local\Programs\Python\Python37\Scripts\;C:\Users\josse\AppData\Local\Programs\Python\Python37\;C:\Users\josse\AppData\Local\Microsoft\WindowsApps;;C:\Program Files\JetBrains\PyCharm Community Edition 2019.1.1\bin;
USERNAME=josse
OS=Windows_NT
PROCESSOR_IDENTIFIER=Intel64 Family 6 Model 142 Stepping 10, GenuineIntel



---------------  S Y S T E M  ---------------

OS: Windows 10.0 , 64 bit Build 17134 (10.0.17134.753)

CPU:total 8 (initial active 8) (4 cores per cpu, 2 threads per core) family 6 model 142 stepping 10, cmov, cx8, fxsr, mmx, sse, sse2, sse3, ssse3, sse4.1, sse4.2, popcnt, avx, avx2, aes, clmul, erms, 3dnowpref, lzcnt, ht, tsc, tscinvbit, bmi1, bmi2, adx

Memory: 4k page, physical 8241244k(1596788k free), swap 9326172k(6164k free)

vm_info: Java HotSpot(TM) 64-Bit Server VM (25.211-b12) for windows-amd64 JRE (1.8.0_211-b12), built on Apr  1 2019 20:53:26 by "java_re" with MS VC++ 10.0 (VS2010)

time: Tue Jan 21 02:11:06 2020
timezone: SA Pacific Standard Time
elapsed time: 0 seconds (0d 0h 0m 0s)

